<?xml version="1.0" encoding="UTF-8"?>
<testng-results skipped="0" failed="0" ignored="0" total="1" passed="1">
  <reporter-output>
  </reporter-output>
  <suite name="Suite" duration-ms="21800" started-at="2019-06-25T22:23:47Z" finished-at="2019-06-25T22:24:09Z">
    <groups>
    </groups>
    <test name="Test" duration-ms="21800" started-at="2019-06-25T22:23:47Z" finished-at="2019-06-25T22:24:09Z">
      <class name="jenkinsDemo.JenkinsJobs">
        <test-method status="PASS" signature="testJenkins()[pri:0, instance:jenkinsDemo.JenkinsJobs@6d4b1c02]" name="testJenkins" duration-ms="21665" started-at="2019-06-26T03:53:47Z" finished-at="2019-06-26T03:54:09Z">
          <reporter-output>
          </reporter-output>
        </test-method> <!-- testJenkins -->
      </class> <!-- jenkinsDemo.JenkinsJobs -->
    </test> <!-- Test -->
  </suite> <!-- Suite -->
</testng-results>
